Added Component: Designator=C11(0402x)
Added Component: Designator=C13(0402x)
Added Component: Designator=C14(0603x)
Added Component: Designator=C103(0603x)
Added Component: Designator=C104(0603x)
Added Component: Designator=C105(0603x)
Added Pin To Net: NetName=3.3V Pin=C103-2
Added Pin To Net: NetName=3.3V Pin=C104-2
Added Pin To Net: NetName=3.3V Pin=C105-2
Added Net: Name=3.3V
Added Net: Name=5V
Added Net: Name=DM
Added Net: Name=DP
Added Pin To Net: NetName=GND Pin=C11-1
Added Pin To Net: NetName=GND Pin=C13-1
Added Pin To Net: NetName=GND Pin=C14-2
Added Pin To Net: NetName=GND Pin=C103-1
Added Pin To Net: NetName=GND Pin=C104-1
Added Pin To Net: NetName=GND Pin=C105-1
Added Net: Name=GND
Added Pin To Net: NetName=NetC13_2 Pin=C13-2
Added Net: Name=NetC13_2
Added Pin To Net: NetName=NetC14_1 Pin=C14-1
Added Net: Name=NetC14_1
Added Net: Name=NetC102_2
Added Net: Name=SCL1
Added Net: Name=SCL2
Added Net: Name=SCL3
Added Net: Name=SDA1
Added Net: Name=SDA2
Added Net: Name=SDA3
Added Net: Name=SWCLK
Added Net: Name=SWDIO
Added Pin To Net: NetName=VCC Pin=C11-2
Added Net: Name=VCC
