Change Component Footprint: Designator=C103 Old Footprint=ERA-0603 New Footprint=0603x
Added Component: Designator=C104(0603x)
Added Component: Designator=C105(0603x)
Added Component: Designator=U401(sot23_l)
Added Pin To Net: NetName=GND Pin=C11-1
Added Pin To Net: NetName=VCC Pin=C11-2
Added Pin To Net: NetName=GND Pin=C13-1
Added Pin To Net: NetName=NetC13_2 Pin=C13-2
Added Pin To Net: NetName=NetC14_1 Pin=C14-1
Added Pin To Net: NetName=GND Pin=C14-2
Added Pin To Net: NetName=GND Pin=C102-1
Added Pin To Net: NetName=NetC102_2 Pin=C102-2
Added Pin To Net: NetName=GND Pin=C103-1
Added Pin To Net: NetName=3.3V Pin=C103-2
Added Pin To Net: NetName=GND Pin=C104-1
Added Pin To Net: NetName=3.3V Pin=C104-2
Added Pin To Net: NetName=GND Pin=C105-1
Added Pin To Net: NetName=3.3V Pin=C105-2
Added Pin To Net: NetName=GND Pin=U4-1
Added Pin To Net: NetName=VCC Pin=U4-8
Added Pin To Net: NetName=VCC Pin=U4-9
Added Pin To Net: NetName=NetC14_1 Pin=U4-10
Added Pin To Net: NetName=GND Pin=U4-11
Added Pin To Net: NetName=VCC Pin=U4-13
Added Pin To Net: NetName=GND Pin=U4-18
Added Pin To Net: NetName=NetC13_2 Pin=U4-20
Added Pin To Net: NetName=SCL1 Pin=U4-23
Added Pin To Net: NetName=SDA1 Pin=U4-24
Added Pin To Net: NetName=3.3V Pin=U100-1
Added Pin To Net: NetName=NetC102_2 Pin=U100-7
Added Pin To Net: NetName=GND Pin=U100-8
Added Pin To Net: NetName=3.3V Pin=U100-9
Added Pin To Net: NetName=GND Pin=U100-23
Added Pin To Net: NetName=3.3V Pin=U100-24
Added Pin To Net: NetName=SCL3 Pin=U100-29
Added Pin To Net: NetName=SCL2 Pin=U100-30
Added Pin To Net: NetName=SDA2 Pin=U100-31
Added Pin To Net: NetName=DM Pin=U100-32
Added Pin To Net: NetName=DP Pin=U100-33
Added Pin To Net: NetName=SWDIO Pin=U100-34
Added Pin To Net: NetName=GND Pin=U100-35
Added Pin To Net: NetName=3.3V Pin=U100-36
Added Pin To Net: NetName=SWCLK Pin=U100-37
Added Pin To Net: NetName=SDA3 Pin=U100-41
Added Pin To Net: NetName=GND Pin=U100-44
Added Pin To Net: NetName=SCL1 Pin=U100-45
Added Pin To Net: NetName=SDA1 Pin=U100-46
Added Pin To Net: NetName=GND Pin=U100-47
Added Pin To Net: NetName=3.3V Pin=U100-48
Added Pin To Net: NetName=VCC Pin=U401-1
Added Pin To Net: NetName=5V Pin=U401-2
Added Pin To Net: NetName=GND Pin=U401-3
