Change Component DesignItemId : Designator=C11 Old DesignItemId=Cap New DesignItemId=Cap402
Change Component DesignItemId : Designator=C14 Old DesignItemId=Cap New DesignItemId=Cap402
Change Component DesignItemId : Designator=C13 Old DesignItemId=Cap New DesignItemId=Cap603
Change Component DesignItemId : Designator=U4 Old DesignItemId=STM32F103C6T6 New DesignItemId=MPU-6050
Change Component Comment : Designator=C11 Old Comment=Cap New Comment=Cap402
Change Component Comment : Designator=C14 Old Comment=Cap New Comment=Cap402
Change Component Comment : Designator=C13 Old Comment=Cap New Comment=Cap603
Change Component Comment : Designator=U4 Old Comment=STM32F103C6T6 New Comment=MPU-6050
Change Component Description : Designator=C11 Old Description=Capacitor New Description=Capacitor SMD
Change Component Description : Designator=C13 Old Description=Capacitor New Description=Capacitor SMD
Change Component Description : Designator=C14 Old Description=Capacitor New Description=Capacitor SMD
Change Component Description : Designator=U4 Old Description=STM32 ARM-based 32-bit MCU with 32 Kbytes Flash, 48-pin LQFP, Industrial Temperature New Description=Invensense MPU-6050  3-axis Gyros & Accel
Change Component Library : Designator=C11 Old Library=Miscellaneous Devices.IntLib New Library=OpenPilot.SchLib
Change Component Library : Designator=C13 Old Library=Miscellaneous Devices.IntLib New Library=OpenPilot.SchLib
Change Component Library : Designator=C14 Old Library=Miscellaneous Devices.IntLib New Library=OpenPilot.SchLib
Change Component Library : Designator=U4 Old Library=ST Microcontroller 32-Bit STM32.IntLib New Library=EDDLib.SchLib
Added Component: Designator=C102(ERA-0603)
Added Component: Designator=C103(ERA-0603)
Added Component: Designator=U100(LQFP48_N)
Added Pin To Net: NetName=3.3V Pin=C103-2
Added Pin To Net: NetName=3.3V Pin=U100-1
Added Pin To Net: NetName=3.3V Pin=U100-9
Added Pin To Net: NetName=3.3V Pin=U100-24
Added Pin To Net: NetName=3.3V Pin=U100-36
Added Pin To Net: NetName=3.3V Pin=U100-48
Added Net: Name=3.3V
Added Pin To Net: NetName=GND Pin=C11-1
Added Pin To Net: NetName=GND Pin=C13-1
Added Pin To Net: NetName=GND Pin=C14-2
Added Pin To Net: NetName=GND Pin=C102-1
Added Pin To Net: NetName=GND Pin=C103-1
Added Pin To Net: NetName=GND Pin=U4-1
Added Pin To Net: NetName=GND Pin=U4-11
Added Pin To Net: NetName=GND Pin=U4-18
Added Pin To Net: NetName=GND Pin=U100-8
Added Pin To Net: NetName=GND Pin=U100-23
Added Pin To Net: NetName=GND Pin=U100-35
Added Pin To Net: NetName=GND Pin=U100-44
Added Pin To Net: NetName=GND Pin=U100-47
Added Net: Name=GND
Added Pin To Net: NetName=NetC13_2 Pin=C13-2
Added Pin To Net: NetName=NetC13_2 Pin=U4-20
Added Net: Name=NetC13_2
Added Pin To Net: NetName=NetC14_1 Pin=C14-1
Added Pin To Net: NetName=NetC14_1 Pin=U4-10
Added Net: Name=NetC14_1
Added Pin To Net: NetName=NetC102_2 Pin=C102-2
Added Pin To Net: NetName=NetC102_2 Pin=U100-7
Added Net: Name=NetC102_2
Added Pin To Net: NetName=SCL Pin=U4-23
Added Net: Name=SCL
Added Pin To Net: NetName=SDA Pin=U4-24
Added Net: Name=SDA
Added Pin To Net: NetName=SWCLK Pin=U100-37
Added Net: Name=SWCLK
Added Pin To Net: NetName=SWDIO Pin=U100-34
Added Net: Name=SWDIO
Added Pin To Net: NetName=VCC Pin=C11-2
Added Pin To Net: NetName=VCC Pin=U4-8
Added Pin To Net: NetName=VCC Pin=U4-9
Added Pin To Net: NetName=VCC Pin=U4-13
Added Net: Name=VCC
Added Class: Name=gest
Added Room: Name=gest
