Added Component: Designator=C102(ERA-0603)
Added Component: Designator=C103(ERA-0603)
Added Component: Designator=U100(LQFP48_N)
Added Pin To Net: NetName=GND Pin=C102-1
Added Pin To Net: NetName=GND Pin=C103-1
Added Pin To Net: NetName=VCC Pin=C103-2
Added Pin To Net: NetName=VCC Pin=U100-1
Added Pin To Net: NetName=GND Pin=U100-8
Added Pin To Net: NetName=VCC Pin=U100-9
Added Pin To Net: NetName=GND Pin=U100-23
Added Pin To Net: NetName=VCC Pin=U100-24
Added Pin To Net: NetName=GND Pin=U100-35
Added Pin To Net: NetName=VCC Pin=U100-36
Added Pin To Net: NetName=GND Pin=U100-44
Added Pin To Net: NetName=GND Pin=U100-47
Added Pin To Net: NetName=VCC Pin=U100-48
Change Net Name : Old Net Name=VCC New Net Name=3.3V
Added Pin To Net: NetName=NetC102_2 Pin=C102-2
Added Pin To Net: NetName=NetC102_2 Pin=U100-7
Added Net: Name=NetC102_2
Added Pin To Net: NetName=SWCLK Pin=U100-37
Added Net: Name=SWCLK
Added Pin To Net: NetName=SWDIO Pin=U100-34
Added Net: Name=SWDIO
