Change Component DesignItemId : Designator=U3 Old DesignItemId=MPU-3/6000 New DesignItemId=MPU-6050
Change Component Footprint: Designator=C12 Old Footprint=CAP603L New Footprint=0603x
Change Component Comment : Designator=U3 Old Comment=MPU-6000 New Comment=MPU-6050
Change Component Description : Designator=U3 Old Description=Invensense MPU-3/6000,  3-axis Gyros & Accel on 6000 New Description=Invensense MPU-6050  3-axis Gyros & Accel
Change Component Library : Designator=U3 Old Library=OpenPilot.SchLib New Library=EDDLib.SchLib
Added Pin To Net: NetName=GND Pin=C10-1
Added Pin To Net: NetName=GND Pin=C11-2
Added Pin To Net: NetName=GND Pin=C12-1
Added Pin To Net: NetName=GND Pin=C13-2
Added Pin To Net: NetName=GND Pin=U3-1
Added Pin To Net: NetName=GND Pin=U3-11
Added Pin To Net: NetName=GND Pin=U3-18
Added Net: Name=GND
Added Pin To Net: NetName=NetC12_2 Pin=C12-2
Added Pin To Net: NetName=NetC12_2 Pin=U3-20
Added Net: Name=NetC12_2
Added Pin To Net: NetName=NetC13_1 Pin=C13-1
Added Pin To Net: NetName=NetC13_1 Pin=U3-10
Added Net: Name=NetC13_1
Added Pin To Net: NetName=SCL Pin=U3-23
Added Net: Name=SCL
Added Pin To Net: NetName=SDA Pin=U3-24
Added Net: Name=SDA
Added Pin To Net: NetName=VCC Pin=C10-2
Added Pin To Net: NetName=VCC Pin=C11-1
Added Pin To Net: NetName=VCC Pin=U3-8
Added Pin To Net: NetName=VCC Pin=U3-13
Added Net: Name=VCC
